<?xml version="1.0" encoding="UTF-8"?>
<!-- Generated by org.testng.reporters.JUnitReportReporter -->
<testsuite hostname="Mahesh-PC" failures="0" tests="1" name="com.assignment.tests.BlogTests" time="20.415" errors="0" timestamp="2023-09-13T19:50:06 IST" skipped="0">
  <testcase classname="com.assignment.tests.BlogTests" name="verifyBlogPageURL" time="20.415"/>
  <system-out/>
</testsuite> <!-- com.assignment.tests.BlogTests -->
